d:\repos\ogarcpp\ogarcpp\debug\vc142.pdb
d:\repos\ogarcpp\ogarcpp\debug\vc142.idb
d:\repos\ogarcpp\ogarcpp\debug\serverhandle.obj
d:\repos\ogarcpp\ogarcpp\debug\ticker.obj
d:\repos\ogarcpp\ogarcpp\debug\main.obj
d:\repos\ogarcpp\ogarcpp\debug\quadtree.obj
d:\repos\ogarcpp\ogarcpp\debug\vcpkg.applocal.log
d:\repos\ogarcpp\debug\libconfig++.dll
d:\repos\ogarcpp\debug\libconfig.dll
d:\repos\ogarcpp\debug\ogarcpp.pdb
d:\repos\ogarcpp\ogarcpp\debug\ogarcpp.tlog\cl.command.1.tlog
d:\repos\ogarcpp\ogarcpp\debug\ogarcpp.tlog\cl.read.1.tlog
d:\repos\ogarcpp\ogarcpp\debug\ogarcpp.tlog\cl.write.1.tlog
d:\repos\ogarcpp\ogarcpp\debug\ogarcpp.tlog\link-cvtres.read.1.tlog
d:\repos\ogarcpp\ogarcpp\debug\ogarcpp.tlog\link-cvtres.write.1.tlog
d:\repos\ogarcpp\ogarcpp\debug\ogarcpp.tlog\link-rc.read.1.tlog
d:\repos\ogarcpp\ogarcpp\debug\ogarcpp.tlog\link-rc.write.1.tlog
d:\repos\ogarcpp\ogarcpp\debug\ogarcpp.tlog\link.19836-cvtres.read.1.tlog
d:\repos\ogarcpp\ogarcpp\debug\ogarcpp.tlog\link.19836-cvtres.write.1.tlog
d:\repos\ogarcpp\ogarcpp\debug\ogarcpp.tlog\link.19836-rc.read.1.tlog
d:\repos\ogarcpp\ogarcpp\debug\ogarcpp.tlog\link.19836-rc.write.1.tlog
d:\repos\ogarcpp\ogarcpp\debug\ogarcpp.tlog\link.19836.read.1.tlog
d:\repos\ogarcpp\ogarcpp\debug\ogarcpp.tlog\link.19836.write.1.tlog
d:\repos\ogarcpp\ogarcpp\debug\ogarcpp.tlog\link.command.1.tlog
d:\repos\ogarcpp\ogarcpp\debug\ogarcpp.tlog\link.read.1.tlog
d:\repos\ogarcpp\ogarcpp\debug\ogarcpp.tlog\link.write.1.tlog
d:\repos\ogarcpp\ogarcpp\debug\ogarcpp.tlog\ogarcpp.write.1u.tlog
